[debug] [2026-06-03T13:00:45.089Z] ----------------------------------------------------------------------
[debug] [2026-06-03T13:00:45.095Z] Command:       C:\Program Files\nodejs\node.exe C:\Users\DELL\AppData\Roaming\npm\node_modules\firebase-tools\lib\bin\firebase.js projects:list
[debug] [2026-06-03T13:00:45.095Z] CLI Version:   14.11.0
[debug] [2026-06-03T13:00:45.096Z] Platform:      win32
[debug] [2026-06-03T13:00:45.096Z] Node Version:  v24.15.0
[debug] [2026-06-03T13:00:45.096Z] Time:          Wed Jun 03 2026 16:00:45 GMT+0300 (East Africa Time)
[debug] [2026-06-03T13:00:45.096Z] ----------------------------------------------------------------------
[debug] 
[debug] [2026-06-03T13:00:45.104Z] >>> [apiv2][query] GET https://firebase-public.firebaseio.com/cli.json [none]
[debug] [2026-06-03T13:00:45.154Z] > command requires scopes: ["email","openid","https://www.googleapis.com/auth/cloudplatformprojects.readonly","https://www.googleapis.com/auth/firebase","https://www.googleapis.com/auth/cloud-platform"]
[debug] [2026-06-03T13:00:45.155Z] > authorizing via signed-in user (tumwinenathan077@gmail.com)
[debug] [2026-06-03T13:00:45.161Z] Checked if tokens are valid: false, expires at: 1752823960617
[debug] [2026-06-03T13:00:45.162Z] Checked if tokens are valid: false, expires at: 1752823960617
[debug] [2026-06-03T13:00:45.162Z] > refreshing access token with scopes: []
[debug] [2026-06-03T13:00:45.166Z] >>> [apiv2][query] POST https://www.googleapis.com/oauth2/v3/token [none]
[debug] [2026-06-03T13:00:45.166Z] >>> [apiv2][body] POST https://www.googleapis.com/oauth2/v3/token [omitted]
[debug] [2026-06-03T13:00:46.013Z] <<< [apiv2][status] POST https://www.googleapis.com/oauth2/v3/token 400
[debug] [2026-06-03T13:00:46.013Z] <<< [apiv2][body] POST https://www.googleapis.com/oauth2/v3/token [omitted]
[debug] [2026-06-03T13:00:46.014Z] >>> [apiv2][query] GET https://firebase.googleapis.com/v1beta1/projects pageSize=1000
[debug] [2026-06-03T13:00:46.191Z] <<< [apiv2][status] GET https://firebase-public.firebaseio.com/cli.json 200
[debug] [2026-06-03T13:00:46.191Z] <<< [apiv2][body] GET https://firebase-public.firebaseio.com/cli.json {"cloudBuildErrorAfter":1594252800000,"cloudBuildWarnAfter":1590019200000,"defaultNode10After":1594252800000,"minVersion":"3.0.5","node8DeploysDisabledAfter":1613390400000,"node8RuntimeDisabledAfter":1615809600000,"node8WarnAfter":1600128000000}
[debug] [2026-06-03T13:00:47.860Z] <<< [apiv2][status] GET https://firebase.googleapis.com/v1beta1/projects 401
[debug] [2026-06-03T13:00:47.860Z] <<< [apiv2][body] GET https://firebase.googleapis.com/v1beta1/projects [omitted]
[debug] [2026-06-03T13:00:47.860Z] Got a 401 Unauthenticated error for a call that required authentication. Refreshing tokens.
[debug] [2026-06-03T13:00:47.860Z] Checked if tokens are valid: false, expires at: 1752823960617
[debug] [2026-06-03T13:00:47.860Z] Checked if tokens are valid: false, expires at: 1752823960617
[debug] [2026-06-03T13:00:47.860Z] > refreshing access token with scopes: []
[debug] [2026-06-03T13:00:47.861Z] >>> [apiv2][query] POST https://www.googleapis.com/oauth2/v3/token [none]
[debug] [2026-06-03T13:00:47.861Z] >>> [apiv2][body] POST https://www.googleapis.com/oauth2/v3/token [omitted]
[debug] [2026-06-03T13:00:48.077Z] <<< [apiv2][status] POST https://www.googleapis.com/oauth2/v3/token 400
[debug] [2026-06-03T13:00:48.077Z] <<< [apiv2][body] POST https://www.googleapis.com/oauth2/v3/token [omitted]
[debug] [2026-06-03T13:00:48.080Z] Request to https://firebase.googleapis.com/v1beta1/projects?pageSize=1000 had HTTP Error: 401, Request had invalid authentication credentials. Expected OAuth 2 access token, login cookie or other valid authentication credential. See https://developers.google.com/identity/sign-in/web/devconsole-project.
[debug] [2026-06-03T13:00:48.564Z] FirebaseError: Request to https://firebase.googleapis.com/v1beta1/projects?pageSize=1000 had HTTP Error: 401, Request had invalid authentication credentials. Expected OAuth 2 access token, login cookie or other valid authentication credential. See https://developers.google.com/identity/sign-in/web/devconsole-project.
    at responseToError (C:\Users\DELL\AppData\Roaming\npm\node_modules\firebase-tools\lib\responseToError.js:52:12)
    at RetryOperation._fn (C:\Users\DELL\AppData\Roaming\npm\node_modules\firebase-tools\lib\apiv2.js:312:77)
    at process.processTicksAndRejections (node:internal/process/task_queues:104:5)
[error] 
[error] Error: Failed to list Firebase projects. See firebase-debug.log for more info.
